2026-04-07 18:47:43 [SKIP] lstm h7 — valid JSON already exists
2026-04-07 18:47:43 [START] lstm h14 (trial 2/16)
2026-04-08 02:15:19 [DONE] lstm h14 in 26856s
2026-04-08 02:15:19 [PROGRESS] done=2 failed=0 remaining=14
2026-04-08 02:15:19 [START] lstm h30 (trial 3/16)
2026-04-08 06:31:03 [DONE] lstm h30 in 15344s
2026-04-08 06:31:03 [PROGRESS] done=3 failed=0 remaining=13
2026-04-08 06:31:03 [START] lstm h90 (trial 4/16)
2026-04-08 11:17:17 [DONE] lstm h90 in 17174s
2026-04-08 11:17:17 [PROGRESS] done=4 failed=0 remaining=12
2026-04-08 11:17:17 [START] deeponet h7 (trial 5/16)
2026-04-08 13:49:12 [DONE] deeponet h7 in 9115s
2026-04-08 13:49:12 [PROGRESS] done=5 failed=0 remaining=11
2026-04-08 13:49:12 [START] deeponet h14 (trial 6/16)
2026-04-08 16:29:09 [DONE] deeponet h14 in 9597s
2026-04-08 16:29:09 [PROGRESS] done=6 failed=0 remaining=10
2026-04-08 16:29:09 [START] deeponet h30 (trial 7/16)
2026-04-08 18:32:23 [DONE] deeponet h30 in 7394s
2026-04-08 18:32:23 [PROGRESS] done=7 failed=0 remaining=9
2026-04-08 18:32:23 [START] deeponet h90 (trial 8/16)
2026-04-08 20:40:28 [DONE] deeponet h90 in 7685s
2026-04-08 20:40:28 [PROGRESS] done=8 failed=0 remaining=8
2026-04-08 20:40:28 [START] patchtst h7 (trial 9/16)
2026-04-11 04:21:41 [DONE] patchtst h7 in 200473s
2026-04-11 04:21:41 [PROGRESS] done=9 failed=0 remaining=7
2026-04-11 04:21:41 [START] patchtst h14 (trial 10/16)
